Update Managed Component * From CMP-002-00071-2[4048] To CMP-002-00071-2[4048] in SFP-Interface.SchDoc
Replace Part C2 Capacitor in C:\Users\Sam\Documents\EDA\SFP Interface\SFP-Interface\SFP-Interface.SchDoc with Capacitor from Simulation Generic Components.IntLib
Replace Part C3 Capacitor in C:\Users\Sam\Documents\EDA\SFP Interface\SFP-Interface\SFP-Interface.SchDoc with Capacitor from Simulation Generic Components.IntLib
Replace Part C4 Capacitor in C:\Users\Sam\Documents\EDA\SFP Interface\SFP-Interface\SFP-Interface.SchDoc with Capacitor from Simulation Generic Components.IntLib
Replace Part C5 Capacitor in C:\Users\Sam\Documents\EDA\SFP Interface\SFP-Interface\SFP-Interface.SchDoc with Capacitor from Simulation Generic Components.IntLib
Replace Part C6 Capacitor in C:\Users\Sam\Documents\EDA\SFP Interface\SFP-Interface\SFP-Interface.SchDoc with Capacitor from Simulation Generic Components.IntLib
Replace Part C7 Capacitor in C:\Users\Sam\Documents\EDA\SFP Interface\SFP-Interface\SFP-Interface.SchDoc with Capacitor from Simulation Generic Components.IntLib
Replace Part C8 Capacitor in C:\Users\Sam\Documents\EDA\SFP Interface\SFP-Interface\SFP-Interface.SchDoc with Capacitor from Simulation Generic Components.IntLib
Replace Part C9 Capacitor in C:\Users\Sam\Documents\EDA\SFP Interface\SFP-Interface\SFP-Interface.SchDoc with Capacitor from Simulation Generic Components.IntLib
Replace Part C10 Capacitor in C:\Users\Sam\Documents\EDA\SFP Interface\SFP-Interface\SFP-Interface.SchDoc with Capacitor from Simulation Generic Components.IntLib
Replace Part C11 Capacitor in C:\Users\Sam\Documents\EDA\SFP Interface\SFP-Interface\SFP-Interface.SchDoc with Capacitor from Simulation Generic Components.IntLib
Replace Part C12 Capacitor in C:\Users\Sam\Documents\EDA\SFP Interface\SFP-Interface\SFP-Interface.SchDoc with Capacitor from Simulation Generic Components.IntLib
Replace Part C13 Capacitor in C:\Users\Sam\Documents\EDA\SFP Interface\SFP-Interface\SFP-Interface.SchDoc with Capacitor from Simulation Generic Components.IntLib
Replace Part C14 Capacitor in C:\Users\Sam\Documents\EDA\SFP Interface\SFP-Interface\SFP-Interface.SchDoc with Capacitor from Simulation Generic Components.IntLib
Replace Part C15 Capacitor in C:\Users\Sam\Documents\EDA\SFP Interface\SFP-Interface\SFP-Interface.SchDoc with Capacitor from Simulation Generic Components.IntLib
Replace Part C16 Capacitor in C:\Users\Sam\Documents\EDA\SFP Interface\SFP-Interface\SFP-Interface.SchDoc with Capacitor from Simulation Generic Components.IntLib
Replace Part C17 Capacitor in C:\Users\Sam\Documents\EDA\SFP Interface\SFP-Interface\SFP-Interface.SchDoc with Capacitor from Simulation Generic Components.IntLib
Replace Part D1 LED in C:\Users\Sam\Documents\EDA\SFP Interface\SFP-Interface\SFP-Interface.SchDoc with LED from Simulation Generic Components.IntLib
Replace Part D2 LED in C:\Users\Sam\Documents\EDA\SFP Interface\SFP-Interface\SFP-Interface.SchDoc with LED from Simulation Generic Components.IntLib
Replace Part J1 2227023-1 in C:\Users\Sam\Documents\EDA\SFP Interface\SFP-Interface\SFP-Interface.SchDoc with 2227023-1 from 2227023-1.IntLib
Update Managed Component J2 From CMP-245163-000002-1[USB4110-GF-A] To CMP-245163-000002-1[USB4110-GF-A] in SFP-Interface.SchDoc
Replace Part R6 Resistor in C:\Users\Sam\Documents\EDA\SFP Interface\SFP-Interface\SFP-Interface.SchDoc with Resistor from Simulation Generic Components.IntLib
Replace Part R8 Resistor in C:\Users\Sam\Documents\EDA\SFP Interface\SFP-Interface\SFP-Interface.SchDoc with Resistor from Simulation Generic Components.IntLib
Replace Part R9 Resistor in C:\Users\Sam\Documents\EDA\SFP Interface\SFP-Interface\SFP-Interface.SchDoc with Resistor from Simulation Generic Components.IntLib
Replace Part R10 Resistor in C:\Users\Sam\Documents\EDA\SFP Interface\SFP-Interface\SFP-Interface.SchDoc with Resistor from Simulation Generic Components.IntLib
Replace Part R11 Resistor in C:\Users\Sam\Documents\EDA\SFP Interface\SFP-Interface\SFP-Interface.SchDoc with Resistor from Simulation Generic Components.IntLib
Replace Part R12 Resistor in C:\Users\Sam\Documents\EDA\SFP Interface\SFP-Interface\SFP-Interface.SchDoc with Resistor from Simulation Generic Components.IntLib
Replace Part R13 Resistor in C:\Users\Sam\Documents\EDA\SFP Interface\SFP-Interface\SFP-Interface.SchDoc with Resistor from Simulation Generic Components.IntLib
Replace Part R14 Resistor in C:\Users\Sam\Documents\EDA\SFP Interface\SFP-Interface\SFP-Interface.SchDoc with Resistor from Simulation Generic Components.IntLib
Replace Part R15 Resistor in C:\Users\Sam\Documents\EDA\SFP Interface\SFP-Interface\SFP-Interface.SchDoc with Resistor from Simulation Generic Components.IntLib
Replace Part R16 Resistor in C:\Users\Sam\Documents\EDA\SFP Interface\SFP-Interface\SFP-Interface.SchDoc with Resistor from Simulation Generic Components.IntLib
Replace Part R17 Resistor in C:\Users\Sam\Documents\EDA\SFP Interface\SFP-Interface\SFP-Interface.SchDoc with Resistor from Simulation Generic Components.IntLib
Replace Part S1 TS05-66-43-BK-260-SMT-67 in C:\Users\Sam\Documents\EDA\SFP Interface\SFP-Interface\SFP-Interface.SchDoc with TS05-66-43-BK-260-SMT-67 from TS05-66-43-BK-260-SMT-67.IntLib
Replace Part S2 TS05-66-43-BK-260-SMT-67 in C:\Users\Sam\Documents\EDA\SFP Interface\SFP-Interface\SFP-Interface.SchDoc with TS05-66-43-BK-260-SMT-67 from TS05-66-43-BK-260-SMT-67.IntLib
Update Managed Component U2 From CMP-1679-00010-1[NCP1117ST33T3G] To CMP-1679-00010-1[NCP1117ST33T3G] in SFP-Interface.SchDoc
Update Managed Component Y1 From CMP-40224-000015-1[ECS-120-12-33Q-JES-TR] To CMP-40224-000015-1[ECS-120-12-33Q-JES-TR] in SFP-Interface.SchDoc
