Removed Pin From Net: NetName=GND Pin=U1-19
Change Component Comment : Designator=D1 Old Comment=ASMM-CR03-BU802 New Comment=Light-Emitting Diode
Change Component Comment : Designator=D2 Old Comment=ASMM-CR03-BU802 New Comment=Light-Emitting Diode
Change Component Description : Designator=D1 Old Description=ASMM-CR03-BU802 New Description=Light-Emitting Diode
Change Component Description : Designator=D2 Old Description=ASMM-CR03-BU802 New Description=Light-Emitting Diode
Change component parameters: Designator = "C2" ("C2"); Footprint = "1608[0603]"; UniqueID = "\IIGNVBEG" ("\IIGNVBEG")
Change component parameters (AddParameter): Name = "CPAR"; Value = ""; VariantName = "[No Variations]"
Change component parameters (AddParameter): Name = "LSER"; Value = ""; VariantName = "[No Variations]"
Change component parameters (AddParameter): Name = "RLSHUNT"; Value = ""; VariantName = "[No Variations]"
Change component parameters (AddParameter): Name = "RPAR"; Value = ""; VariantName = "[No Variations]"
Change component parameters (AddParameter): Name = "RSER"; Value = ""; VariantName = "[No Variations]"
Change component parameters (AddParameter): Name = "SimulationGenericComponent"; Value = "True"; VariantName = "[No Variations]"
Change component parameters (AddParameter): Name = "TEMP"; Value = ""; VariantName = "[No Variations]"
Change component parameters (AddParameter): Name = "Value"; Value = "1p"; VariantName = "[No Variations]"
Change component parameters: Designator = "C3" ("C3"); Footprint = "1608[0603]"; UniqueID = "\OJMVQMMU" ("\OJMVQMMU")
Change component parameters (AddParameter): Name = "CPAR"; Value = ""; VariantName = "[No Variations]"
Change component parameters (AddParameter): Name = "LSER"; Value = ""; VariantName = "[No Variations]"
Change component parameters (AddParameter): Name = "RLSHUNT"; Value = ""; VariantName = "[No Variations]"
Change component parameters (AddParameter): Name = "RPAR"; Value = ""; VariantName = "[No Variations]"
Change component parameters (AddParameter): Name = "RSER"; Value = ""; VariantName = "[No Variations]"
Change component parameters (AddParameter): Name = "SimulationGenericComponent"; Value = "True"; VariantName = "[No Variations]"
Change component parameters (AddParameter): Name = "TEMP"; Value = ""; VariantName = "[No Variations]"
Change component parameters (AddParameter): Name = "Value"; Value = "1p"; VariantName = "[No Variations]"
Change component parameters: Designator = "C4" ("C4"); Footprint = "1608[0603]"; UniqueID = "\PMDWXJNP" ("\PMDWXJNP")
Change component parameters (AddParameter): Name = "CPAR"; Value = ""; VariantName = "[No Variations]"
Change component parameters (AddParameter): Name = "LSER"; Value = ""; VariantName = "[No Variations]"
Change component parameters (AddParameter): Name = "RLSHUNT"; Value = ""; VariantName = "[No Variations]"
Change component parameters (AddParameter): Name = "RPAR"; Value = ""; VariantName = "[No Variations]"
Change component parameters (AddParameter): Name = "RSER"; Value = ""; VariantName = "[No Variations]"
Change component parameters (AddParameter): Name = "SimulationGenericComponent"; Value = "True"; VariantName = "[No Variations]"
Change component parameters (AddParameter): Name = "TEMP"; Value = ""; VariantName = "[No Variations]"
Change component parameters (AddParameter): Name = "Value"; Value = "1p"; VariantName = "[No Variations]"
Change component parameters: Designator = "C5" ("C5"); Footprint = "1608[0603]"; UniqueID = "\OXNPYQII" ("\OXNPYQII")
Change component parameters (AddParameter): Name = "CPAR"; Value = ""; VariantName = "[No Variations]"
Change component parameters (AddParameter): Name = "LSER"; Value = ""; VariantName = "[No Variations]"
Change component parameters (AddParameter): Name = "RLSHUNT"; Value = ""; VariantName = "[No Variations]"
Change component parameters (AddParameter): Name = "RPAR"; Value = ""; VariantName = "[No Variations]"
Change component parameters (AddParameter): Name = "RSER"; Value = ""; VariantName = "[No Variations]"
Change component parameters (AddParameter): Name = "SimulationGenericComponent"; Value = "True"; VariantName = "[No Variations]"
Change component parameters (AddParameter): Name = "TEMP"; Value = ""; VariantName = "[No Variations]"
Change component parameters (AddParameter): Name = "Value"; Value = "1p"; VariantName = "[No Variations]"
Change component parameters: Designator = "C6" ("C6"); Footprint = "1608[0603]"; UniqueID = "\RDDBEKZW" ("\RDDBEKZW")
Change component parameters (AddParameter): Name = "CPAR"; Value = ""; VariantName = "[No Variations]"
Change component parameters (AddParameter): Name = "LSER"; Value = ""; VariantName = "[No Variations]"
Change component parameters (AddParameter): Name = "RLSHUNT"; Value = ""; VariantName = "[No Variations]"
Change component parameters (AddParameter): Name = "RPAR"; Value = ""; VariantName = "[No Variations]"
Change component parameters (AddParameter): Name = "RSER"; Value = ""; VariantName = "[No Variations]"
Change component parameters (AddParameter): Name = "SimulationGenericComponent"; Value = "True"; VariantName = "[No Variations]"
Change component parameters (AddParameter): Name = "TEMP"; Value = ""; VariantName = "[No Variations]"
Change component parameters (AddParameter): Name = "Value"; Value = "1p"; VariantName = "[No Variations]"
Change component parameters: Designator = "C7" ("C7"); Footprint = "1608[0603]"; UniqueID = "\YPIPSESB" ("\YPIPSESB")
Change component parameters (AddParameter): Name = "CPAR"; Value = ""; VariantName = "[No Variations]"
Change component parameters (AddParameter): Name = "LSER"; Value = ""; VariantName = "[No Variations]"
Change component parameters (AddParameter): Name = "RLSHUNT"; Value = ""; VariantName = "[No Variations]"
Change component parameters (AddParameter): Name = "RPAR"; Value = ""; VariantName = "[No Variations]"
Change component parameters (AddParameter): Name = "RSER"; Value = ""; VariantName = "[No Variations]"
Change component parameters (AddParameter): Name = "SimulationGenericComponent"; Value = "True"; VariantName = "[No Variations]"
Change component parameters (AddParameter): Name = "TEMP"; Value = ""; VariantName = "[No Variations]"
Change component parameters (AddParameter): Name = "Value"; Value = "1p"; VariantName = "[No Variations]"
Change component parameters: Designator = "C8" ("C8"); Footprint = "1608[0603]"; UniqueID = "\XWEXIZIL" ("\XWEXIZIL")
Change component parameters (AddParameter): Name = "CPAR"; Value = ""; VariantName = "[No Variations]"
Change component parameters (AddParameter): Name = "LSER"; Value = ""; VariantName = "[No Variations]"
Change component parameters (AddParameter): Name = "RLSHUNT"; Value = ""; VariantName = "[No Variations]"
Change component parameters (AddParameter): Name = "RPAR"; Value = ""; VariantName = "[No Variations]"
Change component parameters (AddParameter): Name = "RSER"; Value = ""; VariantName = "[No Variations]"
Change component parameters (AddParameter): Name = "SimulationGenericComponent"; Value = "True"; VariantName = "[No Variations]"
Change component parameters (AddParameter): Name = "TEMP"; Value = ""; VariantName = "[No Variations]"
Change component parameters (AddParameter): Name = "Value"; Value = "1p"; VariantName = "[No Variations]"
Change component parameters: Designator = "C9" ("C9"); Footprint = "1608[0603]"; UniqueID = "\LHIQPICO" ("\LHIQPICO")
Change component parameters (AddParameter): Name = "CPAR"; Value = ""; VariantName = "[No Variations]"
Change component parameters (AddParameter): Name = "LSER"; Value = ""; VariantName = "[No Variations]"
Change component parameters (AddParameter): Name = "RLSHUNT"; Value = ""; VariantName = "[No Variations]"
Change component parameters (AddParameter): Name = "RPAR"; Value = ""; VariantName = "[No Variations]"
Change component parameters (AddParameter): Name = "RSER"; Value = ""; VariantName = "[No Variations]"
Change component parameters (AddParameter): Name = "SimulationGenericComponent"; Value = "True"; VariantName = "[No Variations]"
Change component parameters (AddParameter): Name = "TEMP"; Value = ""; VariantName = "[No Variations]"
Change component parameters (AddParameter): Name = "Value"; Value = "1p"; VariantName = "[No Variations]"
Change component parameters: Designator = "C10" ("C10"); Footprint = "1608[0603]"; UniqueID = "\HWGEFFZE" ("\HWGEFFZE")
Change component parameters (AddParameter): Name = "CPAR"; Value = ""; VariantName = "[No Variations]"
Change component parameters (AddParameter): Name = "LSER"; Value = ""; VariantName = "[No Variations]"
Change component parameters (AddParameter): Name = "RLSHUNT"; Value = ""; VariantName = "[No Variations]"
Change component parameters (AddParameter): Name = "RPAR"; Value = ""; VariantName = "[No Variations]"
Change component parameters (AddParameter): Name = "RSER"; Value = ""; VariantName = "[No Variations]"
Change component parameters (AddParameter): Name = "SimulationGenericComponent"; Value = "True"; VariantName = "[No Variations]"
Change component parameters (AddParameter): Name = "TEMP"; Value = ""; VariantName = "[No Variations]"
Change component parameters (AddParameter): Name = "Value"; Value = "1p"; VariantName = "[No Variations]"
Change component parameters: Designator = "C11" ("C11"); Footprint = "1608[0603]"; UniqueID = "\WALEFXEC" ("\WALEFXEC")
Change component parameters (AddParameter): Name = "CPAR"; Value = ""; VariantName = "[No Variations]"
Change component parameters (AddParameter): Name = "LSER"; Value = ""; VariantName = "[No Variations]"
Change component parameters (AddParameter): Name = "RLSHUNT"; Value = ""; VariantName = "[No Variations]"
Change component parameters (AddParameter): Name = "RPAR"; Value = ""; VariantName = "[No Variations]"
Change component parameters (AddParameter): Name = "RSER"; Value = ""; VariantName = "[No Variations]"
Change component parameters (AddParameter): Name = "SimulationGenericComponent"; Value = "True"; VariantName = "[No Variations]"
Change component parameters (AddParameter): Name = "TEMP"; Value = ""; VariantName = "[No Variations]"
Change component parameters (AddParameter): Name = "Value"; Value = "1p"; VariantName = "[No Variations]"
Change component parameters: Designator = "C12" ("C12"); Footprint = "1608[0603]"; UniqueID = "\MUFHRAFV" ("\MUFHRAFV")
Change component parameters (AddParameter): Name = "CPAR"; Value = ""; VariantName = "[No Variations]"
Change component parameters (AddParameter): Name = "LSER"; Value = ""; VariantName = "[No Variations]"
Change component parameters (AddParameter): Name = "RLSHUNT"; Value = ""; VariantName = "[No Variations]"
Change component parameters (AddParameter): Name = "RPAR"; Value = ""; VariantName = "[No Variations]"
Change component parameters (AddParameter): Name = "RSER"; Value = ""; VariantName = "[No Variations]"
Change component parameters (AddParameter): Name = "SimulationGenericComponent"; Value = "True"; VariantName = "[No Variations]"
Change component parameters (AddParameter): Name = "TEMP"; Value = ""; VariantName = "[No Variations]"
Change component parameters (AddParameter): Name = "Value"; Value = "1p"; VariantName = "[No Variations]"
Change component parameters: Designator = "C13" ("C13"); Footprint = "1608[0603]"; UniqueID = "\SVZTIQDN" ("\SVZTIQDN")
Change component parameters (AddParameter): Name = "CPAR"; Value = ""; VariantName = "[No Variations]"
Change component parameters (AddParameter): Name = "LSER"; Value = ""; VariantName = "[No Variations]"
Change component parameters (AddParameter): Name = "RLSHUNT"; Value = ""; VariantName = "[No Variations]"
Change component parameters (AddParameter): Name = "RPAR"; Value = ""; VariantName = "[No Variations]"
Change component parameters (AddParameter): Name = "RSER"; Value = ""; VariantName = "[No Variations]"
Change component parameters (AddParameter): Name = "SimulationGenericComponent"; Value = "True"; VariantName = "[No Variations]"
Change component parameters (AddParameter): Name = "TEMP"; Value = ""; VariantName = "[No Variations]"
Change component parameters (AddParameter): Name = "Value"; Value = "1p"; VariantName = "[No Variations]"
Change component parameters: Designator = "C14" ("C14"); Footprint = "1608[0603]"; UniqueID = "\VGDZGHXQ" ("\VGDZGHXQ")
Change component parameters (AddParameter): Name = "CPAR"; Value = ""; VariantName = "[No Variations]"
Change component parameters (AddParameter): Name = "LSER"; Value = ""; VariantName = "[No Variations]"
Change component parameters (AddParameter): Name = "RLSHUNT"; Value = ""; VariantName = "[No Variations]"
Change component parameters (AddParameter): Name = "RPAR"; Value = ""; VariantName = "[No Variations]"
Change component parameters (AddParameter): Name = "RSER"; Value = ""; VariantName = "[No Variations]"
Change component parameters (AddParameter): Name = "SimulationGenericComponent"; Value = "True"; VariantName = "[No Variations]"
Change component parameters (AddParameter): Name = "TEMP"; Value = ""; VariantName = "[No Variations]"
Change component parameters (AddParameter): Name = "Value"; Value = "1p"; VariantName = "[No Variations]"
Change component parameters: Designator = "C15" ("C15"); Footprint = "1608[0603]"; UniqueID = "\BZCWYCBM" ("\BZCWYCBM")
Change component parameters (AddParameter): Name = "CPAR"; Value = ""; VariantName = "[No Variations]"
Change component parameters (AddParameter): Name = "LSER"; Value = ""; VariantName = "[No Variations]"
Change component parameters (AddParameter): Name = "RLSHUNT"; Value = ""; VariantName = "[No Variations]"
Change component parameters (AddParameter): Name = "RPAR"; Value = ""; VariantName = "[No Variations]"
Change component parameters (AddParameter): Name = "RSER"; Value = ""; VariantName = "[No Variations]"
Change component parameters (AddParameter): Name = "SimulationGenericComponent"; Value = "True"; VariantName = "[No Variations]"
Change component parameters (AddParameter): Name = "TEMP"; Value = ""; VariantName = "[No Variations]"
Change component parameters (AddParameter): Name = "Value"; Value = "1p"; VariantName = "[No Variations]"
Change component parameters: Designator = "C16" ("C16"); Footprint = "1608[0603]"; UniqueID = "\RWHOONOP" ("\RWHOONOP")
Change component parameters (AddParameter): Name = "CPAR"; Value = ""; VariantName = "[No Variations]"
Change component parameters (AddParameter): Name = "LSER"; Value = ""; VariantName = "[No Variations]"
Change component parameters (AddParameter): Name = "RLSHUNT"; Value = ""; VariantName = "[No Variations]"
Change component parameters (AddParameter): Name = "RPAR"; Value = ""; VariantName = "[No Variations]"
Change component parameters (AddParameter): Name = "RSER"; Value = ""; VariantName = "[No Variations]"
Change component parameters (AddParameter): Name = "SimulationGenericComponent"; Value = "True"; VariantName = "[No Variations]"
Change component parameters (AddParameter): Name = "TEMP"; Value = ""; VariantName = "[No Variations]"
Change component parameters (AddParameter): Name = "Value"; Value = "1p"; VariantName = "[No Variations]"
Change component parameters: Designator = "C17" ("C17"); Footprint = "1608[0603]"; UniqueID = "\YBSFKNDW" ("\YBSFKNDW")
Change component parameters (AddParameter): Name = "CPAR"; Value = ""; VariantName = "[No Variations]"
Change component parameters (AddParameter): Name = "LSER"; Value = ""; VariantName = "[No Variations]"
Change component parameters (AddParameter): Name = "RLSHUNT"; Value = ""; VariantName = "[No Variations]"
Change component parameters (AddParameter): Name = "RPAR"; Value = ""; VariantName = "[No Variations]"
Change component parameters (AddParameter): Name = "RSER"; Value = ""; VariantName = "[No Variations]"
Change component parameters (AddParameter): Name = "SimulationGenericComponent"; Value = "True"; VariantName = "[No Variations]"
Change component parameters (AddParameter): Name = "TEMP"; Value = ""; VariantName = "[No Variations]"
Change component parameters (AddParameter): Name = "Value"; Value = "1p"; VariantName = "[No Variations]"
Change component parameters: Designator = "R8" ("R8"); Footprint = "1608[0603]"; UniqueID = "\DBVSBUGN" ("\DBVSBUGN")
Change component parameters (AddParameter): Name = "DTEMP"; Value = ""; VariantName = "[No Variations]"
Change component parameters (AddParameter): Name = "SimulationGenericComponent"; Value = "True"; VariantName = "[No Variations]"
Change component parameters (AddParameter): Name = "T_REL_LOCAL"; Value = ""; VariantName = "[No Variations]"
Change component parameters (AddParameter): Name = "TC"; Value = ""; VariantName = "[No Variations]"
Change component parameters (AddParameter): Name = "TC1"; Value = "0"; VariantName = "[No Variations]"
Change component parameters (AddParameter): Name = "TC2"; Value = "0"; VariantName = "[No Variations]"
Change component parameters (AddParameter): Name = "TEMP"; Value = ""; VariantName = "[No Variations]"
Change component parameters (AddParameter): Name = "Value"; Value = "1K"; VariantName = "[No Variations]"
Change component parameters: Designator = "R9" ("R9"); Footprint = "1608[0603]"; UniqueID = "\OXYVXVZN" ("\OXYVXVZN")
Change component parameters (AddParameter): Name = "DTEMP"; Value = ""; VariantName = "[No Variations]"
Change component parameters (AddParameter): Name = "SimulationGenericComponent"; Value = "True"; VariantName = "[No Variations]"
Change component parameters (AddParameter): Name = "T_REL_LOCAL"; Value = ""; VariantName = "[No Variations]"
Change component parameters (AddParameter): Name = "TC"; Value = ""; VariantName = "[No Variations]"
Change component parameters (AddParameter): Name = "TC1"; Value = "0"; VariantName = "[No Variations]"
Change component parameters (AddParameter): Name = "TC2"; Value = "0"; VariantName = "[No Variations]"
Change component parameters (AddParameter): Name = "TEMP"; Value = ""; VariantName = "[No Variations]"
Change component parameters (AddParameter): Name = "Value"; Value = "1K"; VariantName = "[No Variations]"
Change component parameters: Designator = "R10" ("R10"); Footprint = "1608[0603]"; UniqueID = "\IITKCFXA" ("\IITKCFXA")
Change component parameters (AddParameter): Name = "DTEMP"; Value = ""; VariantName = "[No Variations]"
Change component parameters (AddParameter): Name = "SimulationGenericComponent"; Value = "True"; VariantName = "[No Variations]"
Change component parameters (AddParameter): Name = "T_REL_LOCAL"; Value = ""; VariantName = "[No Variations]"
Change component parameters (AddParameter): Name = "TC"; Value = ""; VariantName = "[No Variations]"
Change component parameters (AddParameter): Name = "TC1"; Value = "0"; VariantName = "[No Variations]"
Change component parameters (AddParameter): Name = "TC2"; Value = "0"; VariantName = "[No Variations]"
Change component parameters (AddParameter): Name = "TEMP"; Value = ""; VariantName = "[No Variations]"
Change component parameters (AddParameter): Name = "Value"; Value = "1K"; VariantName = "[No Variations]"
Change component parameters: Designator = "R11" ("R11"); Footprint = "1608[0603]"; UniqueID = "\VBKHJLNS" ("\VBKHJLNS")
Change component parameters (AddParameter): Name = "DTEMP"; Value = ""; VariantName = "[No Variations]"
Change component parameters (AddParameter): Name = "SimulationGenericComponent"; Value = "True"; VariantName = "[No Variations]"
Change component parameters (AddParameter): Name = "T_REL_LOCAL"; Value = ""; VariantName = "[No Variations]"
Change component parameters (AddParameter): Name = "TC"; Value = ""; VariantName = "[No Variations]"
Change component parameters (AddParameter): Name = "TC1"; Value = "0"; VariantName = "[No Variations]"
Change component parameters (AddParameter): Name = "TC2"; Value = "0"; VariantName = "[No Variations]"
Change component parameters (AddParameter): Name = "TEMP"; Value = ""; VariantName = "[No Variations]"
Change component parameters (AddParameter): Name = "Value"; Value = "1K"; VariantName = "[No Variations]"
Change component parameters: Designator = "R13" ("R13"); Footprint = "1608[0603]"; UniqueID = "\NRHLTQQK" ("\NRHLTQQK")
Change component parameters (AddParameter): Name = "DTEMP"; Value = ""; VariantName = "[No Variations]"
Change component parameters (AddParameter): Name = "SimulationGenericComponent"; Value = "True"; VariantName = "[No Variations]"
Change component parameters (AddParameter): Name = "T_REL_LOCAL"; Value = ""; VariantName = "[No Variations]"
Change component parameters (AddParameter): Name = "TC"; Value = ""; VariantName = "[No Variations]"
Change component parameters (AddParameter): Name = "TC1"; Value = "0"; VariantName = "[No Variations]"
Change component parameters (AddParameter): Name = "TC2"; Value = "0"; VariantName = "[No Variations]"
Change component parameters (AddParameter): Name = "TEMP"; Value = ""; VariantName = "[No Variations]"
Change component parameters (AddParameter): Name = "Value"; Value = "1K"; VariantName = "[No Variations]"
Change component parameters: Designator = "R14" ("R14"); Footprint = "1608[0603]"; UniqueID = "\XKBCWTJZ" ("\XKBCWTJZ")
Change component parameters (AddParameter): Name = "DTEMP"; Value = ""; VariantName = "[No Variations]"
Change component parameters (AddParameter): Name = "SimulationGenericComponent"; Value = "True"; VariantName = "[No Variations]"
Change component parameters (AddParameter): Name = "T_REL_LOCAL"; Value = ""; VariantName = "[No Variations]"
Change component parameters (AddParameter): Name = "TC"; Value = ""; VariantName = "[No Variations]"
Change component parameters (AddParameter): Name = "TC1"; Value = "0"; VariantName = "[No Variations]"
Change component parameters (AddParameter): Name = "TC2"; Value = "0"; VariantName = "[No Variations]"
Change component parameters (AddParameter): Name = "TEMP"; Value = ""; VariantName = "[No Variations]"
Change component parameters (AddParameter): Name = "Value"; Value = "1K"; VariantName = "[No Variations]"
Change component parameters: Designator = "R15" ("R15"); Footprint = "1608[0603]"; UniqueID = "\ACHKKRFF" ("\ACHKKRFF")
Change component parameters (AddParameter): Name = "DTEMP"; Value = ""; VariantName = "[No Variations]"
Change component parameters (AddParameter): Name = "SimulationGenericComponent"; Value = "True"; VariantName = "[No Variations]"
Change component parameters (AddParameter): Name = "T_REL_LOCAL"; Value = ""; VariantName = "[No Variations]"
Change component parameters (AddParameter): Name = "TC"; Value = ""; VariantName = "[No Variations]"
Change component parameters (AddParameter): Name = "TC1"; Value = "0"; VariantName = "[No Variations]"
Change component parameters (AddParameter): Name = "TC2"; Value = "0"; VariantName = "[No Variations]"
Change component parameters (AddParameter): Name = "TEMP"; Value = ""; VariantName = "[No Variations]"
Change component parameters (AddParameter): Name = "Value"; Value = "1K"; VariantName = "[No Variations]"
Change component parameters: Designator = "R16" ("R16"); Footprint = "1608[0603]"; UniqueID = "\RRPXRIWQ" ("\RRPXRIWQ")
Change component parameters (AddParameter): Name = "DTEMP"; Value = ""; VariantName = "[No Variations]"
Change component parameters (AddParameter): Name = "SimulationGenericComponent"; Value = "True"; VariantName = "[No Variations]"
Change component parameters (AddParameter): Name = "T_REL_LOCAL"; Value = ""; VariantName = "[No Variations]"
Change component parameters (AddParameter): Name = "TC"; Value = ""; VariantName = "[No Variations]"
Change component parameters (AddParameter): Name = "TC1"; Value = "0"; VariantName = "[No Variations]"
Change component parameters (AddParameter): Name = "TC2"; Value = "0"; VariantName = "[No Variations]"
Change component parameters (AddParameter): Name = "TEMP"; Value = ""; VariantName = "[No Variations]"
Change component parameters (AddParameter): Name = "Value"; Value = "1K"; VariantName = "[No Variations]"
Change component parameters: Designator = "R17" ("R17"); Footprint = "1608[0603]"; UniqueID = "\SPEJHESY" ("\SPEJHESY")
Change component parameters (AddParameter): Name = "DTEMP"; Value = ""; VariantName = "[No Variations]"
Change component parameters (AddParameter): Name = "SimulationGenericComponent"; Value = "True"; VariantName = "[No Variations]"
Change component parameters (AddParameter): Name = "T_REL_LOCAL"; Value = ""; VariantName = "[No Variations]"
Change component parameters (AddParameter): Name = "TC"; Value = ""; VariantName = "[No Variations]"
Change component parameters (AddParameter): Name = "TC1"; Value = "0"; VariantName = "[No Variations]"
Change component parameters (AddParameter): Name = "TC2"; Value = "0"; VariantName = "[No Variations]"
Change component parameters (AddParameter): Name = "TEMP"; Value = ""; VariantName = "[No Variations]"
Change component parameters (AddParameter): Name = "Value"; Value = "1K"; VariantName = "[No Variations]"
Added Component: Designator=S1(SW_TS05-66-43-BK-260-SMT-67)
Add component (AddParameter): Name = "Availability"; Value = "In Stock"; VariantName = "[No Variations]"
Add component (AddParameter): Name = "Check_prices"; Value = "https://www.snapeda.com/parts/TS05-66-43-BK-260-SMT-67/CUI+Devices/view-part/?ref=eda"; VariantName = "[No Variations]"
Add component (AddParameter): Name = "CUI_purchase_URL"; Value = "https://www.cuidevices.com/product/switches/tactile-switches/ts05-series?utm_source=snapeda.com&utm_medium=referral&utm_campaign=snapedaBOM"; VariantName = "[No Variations]"
Add component (AddParameter): Name = "MF"; Value = "CUI Devices"; VariantName = "[No Variations]"
Add component (AddParameter): Name = "MP"; Value = "TS05-66-43-BK-260-SMT-67"; VariantName = "[No Variations]"
Add component (AddParameter): Name = "Package"; Value = "None"; VariantName = "[No Variations]"
Add component (AddParameter): Name = "Price"; Value = "None"; VariantName = "[No Variations]"
Add component (AddParameter): Name = "Purchase-URL"; Value = "https://pricing.snapeda.com/search/part/TS05-66-43-BK-260-SMT-67/?ref=eda"; VariantName = "[No Variations]"
Add component (AddParameter): Name = "SnapEDA_Link"; Value = "https://www.snapeda.com/parts/TS05-66-43-BK-260-SMT-67/CUI+Devices/view-part/?ref=snap"; VariantName = "[No Variations]"
Add component (AddParameter): Name = "Value"; Value = ""; VariantName = "[No Variations]"
Added Component: Designator=S2(SW_TS05-66-43-BK-260-SMT-67)
Add component (AddParameter): Name = "Availability"; Value = "In Stock"; VariantName = "[No Variations]"
Add component (AddParameter): Name = "Check_prices"; Value = "https://www.snapeda.com/parts/TS05-66-43-BK-260-SMT-67/CUI+Devices/view-part/?ref=eda"; VariantName = "[No Variations]"
Add component (AddParameter): Name = "CUI_purchase_URL"; Value = "https://www.cuidevices.com/product/switches/tactile-switches/ts05-series?utm_source=snapeda.com&utm_medium=referral&utm_campaign=snapedaBOM"; VariantName = "[No Variations]"
Add component (AddParameter): Name = "MF"; Value = "CUI Devices"; VariantName = "[No Variations]"
Add component (AddParameter): Name = "MP"; Value = "TS05-66-43-BK-260-SMT-67"; VariantName = "[No Variations]"
Add component (AddParameter): Name = "Package"; Value = "None"; VariantName = "[No Variations]"
Add component (AddParameter): Name = "Price"; Value = "None"; VariantName = "[No Variations]"
Add component (AddParameter): Name = "Purchase-URL"; Value = "https://pricing.snapeda.com/search/part/TS05-66-43-BK-260-SMT-67/?ref=eda"; VariantName = "[No Variations]"
Add component (AddParameter): Name = "SnapEDA_Link"; Value = "https://www.snapeda.com/parts/TS05-66-43-BK-260-SMT-67/CUI+Devices/view-part/?ref=snap"; VariantName = "[No Variations]"
Add component (AddParameter): Name = "Value"; Value = ""; VariantName = "[No Variations]"
Added Pin To Net: NetName=GND Pin=S1-1
Added Pin To Net: NetName=NetR12_2 Pin=S1-2
Added Pin To Net: NetName=GND Pin=S1-3
Added Pin To Net: NetName=NetR12_2 Pin=S1-4
Added Pin To Net: NetName=GND Pin=S2-1
Added Pin To Net: NetName=GND Pin=S2-3
Added Pin To Net: NetName=NetR17_1 Pin=R17-1
Added Pin To Net: NetName=NetR17_1 Pin=S2-2
Added Pin To Net: NetName=NetR17_1 Pin=S2-4
Added Pin To Net: NetName=NetR17_1 Pin=U1-26
Added Net: Name=NetR17_1
Added Member To Class: ClassName=SFP-Interface Member=Component C2 Capacitor
Added Member To Class: ClassName=SFP-Interface Member=Component C3 Capacitor
Added Member To Class: ClassName=SFP-Interface Member=Component C4 Capacitor
Added Member To Class: ClassName=SFP-Interface Member=Component C5 Capacitor
Added Member To Class: ClassName=SFP-Interface Member=Component C6 Capacitor
Added Member To Class: ClassName=SFP-Interface Member=Component C7 Capacitor
Added Member To Class: ClassName=SFP-Interface Member=Component C8 Capacitor
Added Member To Class: ClassName=SFP-Interface Member=Component C9 Capacitor
Added Member To Class: ClassName=SFP-Interface Member=Component C10 Capacitor
Added Member To Class: ClassName=SFP-Interface Member=Component C11 Capacitor
Added Member To Class: ClassName=SFP-Interface Member=Component C12 Capacitor
Added Member To Class: ClassName=SFP-Interface Member=Component C13 Capacitor
Added Member To Class: ClassName=SFP-Interface Member=Component C14 Capacitor
Added Member To Class: ClassName=SFP-Interface Member=Component C15 Capacitor
Added Member To Class: ClassName=SFP-Interface Member=Component C16 Capacitor
Added Member To Class: ClassName=SFP-Interface Member=Component C17 Capacitor
Added Member To Class: ClassName=SFP-Interface Member=Component D1 Light-Emitting Diode
Added Member To Class: ClassName=SFP-Interface Member=Component D2 Light-Emitting Diode
Added Member To Class: ClassName=SFP-Interface Member=Component R6 Resistor
Added Member To Class: ClassName=SFP-Interface Member=Component R8 Resistor
Added Member To Class: ClassName=SFP-Interface Member=Component R9 Resistor
Added Member To Class: ClassName=SFP-Interface Member=Component R10 Resistor
Added Member To Class: ClassName=SFP-Interface Member=Component R11 Resistor
Added Member To Class: ClassName=SFP-Interface Member=Component R12 Resistor
Added Member To Class: ClassName=SFP-Interface Member=Component R13 Resistor
Added Member To Class: ClassName=SFP-Interface Member=Component R14 Resistor
Added Member To Class: ClassName=SFP-Interface Member=Component R15 Resistor
Added Member To Class: ClassName=SFP-Interface Member=Component R16 Resistor
Added Member To Class: ClassName=SFP-Interface Member=Component R17 Resistor
Added Member To Class: ClassName=SFP-Interface Member=Component S1 TS05-66-43-BK-260-SMT-67
Added Member To Class: ClassName=SFP-Interface Member=Component S2 TS05-66-43-BK-260-SMT-67
Added Room: Name=SFP-Interface
