Change component parameters: Designator = "C2" ("C2"); Footprint = "1608[0603]"; UniqueID = "\IIGNVBEG" ("\IIGNVBEG")
Change component parameters (AddParameter): Name = "CPAR"; Value = ""; VariantName = "[No Variations]"
Change component parameters (AddParameter): Name = "LSER"; Value = ""; VariantName = "[No Variations]"
Change component parameters (AddParameter): Name = "RLSHUNT"; Value = ""; VariantName = "[No Variations]"
Change component parameters (AddParameter): Name = "RPAR"; Value = ""; VariantName = "[No Variations]"
Change component parameters (AddParameter): Name = "RSER"; Value = ""; VariantName = "[No Variations]"
Change component parameters (AddParameter): Name = "SimulationGenericComponent"; Value = "True"; VariantName = "[No Variations]"
Change component parameters (AddParameter): Name = "TEMP"; Value = ""; VariantName = "[No Variations]"
Change component parameters (AddParameter): Name = "Value"; Value = "10uF"; VariantName = "[No Variations]"
Change component parameters: Designator = "C3" ("C3"); Footprint = "1608[0603]"; UniqueID = "\OJMVQMMU" ("\OJMVQMMU")
Change component parameters (AddParameter): Name = "CPAR"; Value = ""; VariantName = "[No Variations]"
Change component parameters (AddParameter): Name = "LSER"; Value = ""; VariantName = "[No Variations]"
Change component parameters (AddParameter): Name = "RLSHUNT"; Value = ""; VariantName = "[No Variations]"
Change component parameters (AddParameter): Name = "RPAR"; Value = ""; VariantName = "[No Variations]"
Change component parameters (AddParameter): Name = "RSER"; Value = ""; VariantName = "[No Variations]"
Change component parameters (AddParameter): Name = "SimulationGenericComponent"; Value = "True"; VariantName = "[No Variations]"
Change component parameters (AddParameter): Name = "TEMP"; Value = ""; VariantName = "[No Variations]"
Change component parameters (AddParameter): Name = "Value"; Value = "14pF"; VariantName = "[No Variations]"
Change component parameters: Designator = "C4" ("C4"); Footprint = "1608[0603]"; UniqueID = "\PMDWXJNP" ("\PMDWXJNP")
Change component parameters (AddParameter): Name = "CPAR"; Value = ""; VariantName = "[No Variations]"
Change component parameters (AddParameter): Name = "LSER"; Value = ""; VariantName = "[No Variations]"
Change component parameters (AddParameter): Name = "RLSHUNT"; Value = ""; VariantName = "[No Variations]"
Change component parameters (AddParameter): Name = "RPAR"; Value = ""; VariantName = "[No Variations]"
Change component parameters (AddParameter): Name = "RSER"; Value = ""; VariantName = "[No Variations]"
Change component parameters (AddParameter): Name = "SimulationGenericComponent"; Value = "True"; VariantName = "[No Variations]"
Change component parameters (AddParameter): Name = "TEMP"; Value = ""; VariantName = "[No Variations]"
Change component parameters (AddParameter): Name = "Value"; Value = "14pF"; VariantName = "[No Variations]"
Change component parameters: Designator = "C5" ("C5"); Footprint = "1608[0603]"; UniqueID = "\OXNPYQII" ("\OXNPYQII")
Change component parameters (AddParameter): Name = "CPAR"; Value = ""; VariantName = "[No Variations]"
Change component parameters (AddParameter): Name = "LSER"; Value = ""; VariantName = "[No Variations]"
Change component parameters (AddParameter): Name = "RLSHUNT"; Value = ""; VariantName = "[No Variations]"
Change component parameters (AddParameter): Name = "RPAR"; Value = ""; VariantName = "[No Variations]"
Change component parameters (AddParameter): Name = "RSER"; Value = ""; VariantName = "[No Variations]"
Change component parameters (AddParameter): Name = "SimulationGenericComponent"; Value = "True"; VariantName = "[No Variations]"
Change component parameters (AddParameter): Name = "TEMP"; Value = ""; VariantName = "[No Variations]"
Change component parameters (AddParameter): Name = "Value"; Value = "10uF"; VariantName = "[No Variations]"
Change component parameters: Designator = "C6" ("C6"); Footprint = "1608[0603]"; UniqueID = "\RDDBEKZW" ("\RDDBEKZW")
Change component parameters (AddParameter): Name = "CPAR"; Value = ""; VariantName = "[No Variations]"
Change component parameters (AddParameter): Name = "LSER"; Value = ""; VariantName = "[No Variations]"
Change component parameters (AddParameter): Name = "RLSHUNT"; Value = ""; VariantName = "[No Variations]"
Change component parameters (AddParameter): Name = "RPAR"; Value = ""; VariantName = "[No Variations]"
Change component parameters (AddParameter): Name = "RSER"; Value = ""; VariantName = "[No Variations]"
Change component parameters (AddParameter): Name = "SimulationGenericComponent"; Value = "True"; VariantName = "[No Variations]"
Change component parameters (AddParameter): Name = "TEMP"; Value = ""; VariantName = "[No Variations]"
Change component parameters (AddParameter): Name = "Value"; Value = "10nF"; VariantName = "[No Variations]"
Change component parameters: Designator = "C7" ("C7"); Footprint = "1608[0603]"; UniqueID = "\YPIPSESB" ("\YPIPSESB")
Change component parameters (AddParameter): Name = "CPAR"; Value = ""; VariantName = "[No Variations]"
Change component parameters (AddParameter): Name = "LSER"; Value = ""; VariantName = "[No Variations]"
Change component parameters (AddParameter): Name = "RLSHUNT"; Value = ""; VariantName = "[No Variations]"
Change component parameters (AddParameter): Name = "RPAR"; Value = ""; VariantName = "[No Variations]"
Change component parameters (AddParameter): Name = "RSER"; Value = ""; VariantName = "[No Variations]"
Change component parameters (AddParameter): Name = "SimulationGenericComponent"; Value = "True"; VariantName = "[No Variations]"
Change component parameters (AddParameter): Name = "TEMP"; Value = ""; VariantName = "[No Variations]"
Change component parameters (AddParameter): Name = "Value"; Value = "100nF"; VariantName = "[No Variations]"
Change component parameters: Designator = "C8" ("C8"); Footprint = "1608[0603]"; UniqueID = "\XWEXIZIL" ("\XWEXIZIL")
Change component parameters (AddParameter): Name = "CPAR"; Value = ""; VariantName = "[No Variations]"
Change component parameters (AddParameter): Name = "LSER"; Value = ""; VariantName = "[No Variations]"
Change component parameters (AddParameter): Name = "RLSHUNT"; Value = ""; VariantName = "[No Variations]"
Change component parameters (AddParameter): Name = "RPAR"; Value = ""; VariantName = "[No Variations]"
Change component parameters (AddParameter): Name = "RSER"; Value = ""; VariantName = "[No Variations]"
Change component parameters (AddParameter): Name = "SimulationGenericComponent"; Value = "True"; VariantName = "[No Variations]"
Change component parameters (AddParameter): Name = "TEMP"; Value = ""; VariantName = "[No Variations]"
Change component parameters (AddParameter): Name = "Value"; Value = "100nF"; VariantName = "[No Variations]"
Change component parameters: Designator = "C9" ("C9"); Footprint = "1608[0603]"; UniqueID = "\LHIQPICO" ("\LHIQPICO")
Change component parameters (AddParameter): Name = "CPAR"; Value = ""; VariantName = "[No Variations]"
Change component parameters (AddParameter): Name = "LSER"; Value = ""; VariantName = "[No Variations]"
Change component parameters (AddParameter): Name = "RLSHUNT"; Value = ""; VariantName = "[No Variations]"
Change component parameters (AddParameter): Name = "RPAR"; Value = ""; VariantName = "[No Variations]"
Change component parameters (AddParameter): Name = "RSER"; Value = ""; VariantName = "[No Variations]"
Change component parameters (AddParameter): Name = "SimulationGenericComponent"; Value = "True"; VariantName = "[No Variations]"
Change component parameters (AddParameter): Name = "TEMP"; Value = ""; VariantName = "[No Variations]"
Change component parameters (AddParameter): Name = "Value"; Value = "100nF"; VariantName = "[No Variations]"
Change component parameters: Designator = "C10" ("C10"); Footprint = "1608[0603]"; UniqueID = "\HWGEFFZE" ("\HWGEFFZE")
Change component parameters (AddParameter): Name = "CPAR"; Value = ""; VariantName = "[No Variations]"
Change component parameters (AddParameter): Name = "LSER"; Value = ""; VariantName = "[No Variations]"
Change component parameters (AddParameter): Name = "RLSHUNT"; Value = ""; VariantName = "[No Variations]"
Change component parameters (AddParameter): Name = "RPAR"; Value = ""; VariantName = "[No Variations]"
Change component parameters (AddParameter): Name = "RSER"; Value = ""; VariantName = "[No Variations]"
Change component parameters (AddParameter): Name = "SimulationGenericComponent"; Value = "True"; VariantName = "[No Variations]"
Change component parameters (AddParameter): Name = "TEMP"; Value = ""; VariantName = "[No Variations]"
Change component parameters (AddParameter): Name = "Value"; Value = "100nF"; VariantName = "[No Variations]"
Change component parameters: Designator = "C11" ("C11"); Footprint = "1608[0603]"; UniqueID = "\WALEFXEC" ("\WALEFXEC")
Change component parameters (AddParameter): Name = "CPAR"; Value = ""; VariantName = "[No Variations]"
Change component parameters (AddParameter): Name = "LSER"; Value = ""; VariantName = "[No Variations]"
Change component parameters (AddParameter): Name = "RLSHUNT"; Value = ""; VariantName = "[No Variations]"
Change component parameters (AddParameter): Name = "RPAR"; Value = ""; VariantName = "[No Variations]"
Change component parameters (AddParameter): Name = "RSER"; Value = ""; VariantName = "[No Variations]"
Change component parameters (AddParameter): Name = "SimulationGenericComponent"; Value = "True"; VariantName = "[No Variations]"
Change component parameters (AddParameter): Name = "TEMP"; Value = ""; VariantName = "[No Variations]"
Change component parameters (AddParameter): Name = "Value"; Value = "100nF"; VariantName = "[No Variations]"
Change component parameters: Designator = "C12" ("C12"); Footprint = "1608[0603]"; UniqueID = "\MUFHRAFV" ("\MUFHRAFV")
Change component parameters (AddParameter): Name = "CPAR"; Value = ""; VariantName = "[No Variations]"
Change component parameters (AddParameter): Name = "LSER"; Value = ""; VariantName = "[No Variations]"
Change component parameters (AddParameter): Name = "RLSHUNT"; Value = ""; VariantName = "[No Variations]"
Change component parameters (AddParameter): Name = "RPAR"; Value = ""; VariantName = "[No Variations]"
Change component parameters (AddParameter): Name = "RSER"; Value = ""; VariantName = "[No Variations]"
Change component parameters (AddParameter): Name = "SimulationGenericComponent"; Value = "True"; VariantName = "[No Variations]"
Change component parameters (AddParameter): Name = "TEMP"; Value = ""; VariantName = "[No Variations]"
Change component parameters (AddParameter): Name = "Value"; Value = "100nF"; VariantName = "[No Variations]"
Change component parameters: Designator = "C13" ("C13"); Footprint = "1608[0603]"; UniqueID = "\SVZTIQDN" ("\SVZTIQDN")
Change component parameters (AddParameter): Name = "CPAR"; Value = ""; VariantName = "[No Variations]"
Change component parameters (AddParameter): Name = "LSER"; Value = ""; VariantName = "[No Variations]"
Change component parameters (AddParameter): Name = "RLSHUNT"; Value = ""; VariantName = "[No Variations]"
Change component parameters (AddParameter): Name = "RPAR"; Value = ""; VariantName = "[No Variations]"
Change component parameters (AddParameter): Name = "RSER"; Value = ""; VariantName = "[No Variations]"
Change component parameters (AddParameter): Name = "SimulationGenericComponent"; Value = "True"; VariantName = "[No Variations]"
Change component parameters (AddParameter): Name = "TEMP"; Value = ""; VariantName = "[No Variations]"
Change component parameters (AddParameter): Name = "Value"; Value = "100nF"; VariantName = "[No Variations]"
Change component parameters: Designator = "C14" ("C14"); Footprint = "1608[0603]"; UniqueID = "\VGDZGHXQ" ("\VGDZGHXQ")
Change component parameters (AddParameter): Name = "CPAR"; Value = ""; VariantName = "[No Variations]"
Change component parameters (AddParameter): Name = "LSER"; Value = ""; VariantName = "[No Variations]"
Change component parameters (AddParameter): Name = "RLSHUNT"; Value = ""; VariantName = "[No Variations]"
Change component parameters (AddParameter): Name = "RPAR"; Value = ""; VariantName = "[No Variations]"
Change component parameters (AddParameter): Name = "RSER"; Value = ""; VariantName = "[No Variations]"
Change component parameters (AddParameter): Name = "SimulationGenericComponent"; Value = "True"; VariantName = "[No Variations]"
Change component parameters (AddParameter): Name = "TEMP"; Value = ""; VariantName = "[No Variations]"
Change component parameters (AddParameter): Name = "Value"; Value = "1uF"; VariantName = "[No Variations]"
Change component parameters: Designator = "C15" ("C15"); Footprint = "1608[0603]"; UniqueID = "\BZCWYCBM" ("\BZCWYCBM")
Change component parameters (AddParameter): Name = "CPAR"; Value = ""; VariantName = "[No Variations]"
Change component parameters (AddParameter): Name = "LSER"; Value = ""; VariantName = "[No Variations]"
Change component parameters (AddParameter): Name = "RLSHUNT"; Value = ""; VariantName = "[No Variations]"
Change component parameters (AddParameter): Name = "RPAR"; Value = ""; VariantName = "[No Variations]"
Change component parameters (AddParameter): Name = "RSER"; Value = ""; VariantName = "[No Variations]"
Change component parameters (AddParameter): Name = "SimulationGenericComponent"; Value = "True"; VariantName = "[No Variations]"
Change component parameters (AddParameter): Name = "TEMP"; Value = ""; VariantName = "[No Variations]"
Change component parameters (AddParameter): Name = "Value"; Value = "100nF"; VariantName = "[No Variations]"
Change component parameters: Designator = "C16" ("C16"); Footprint = "1608[0603]"; UniqueID = "\RWHOONOP" ("\RWHOONOP")
Change component parameters (AddParameter): Name = "CPAR"; Value = ""; VariantName = "[No Variations]"
Change component parameters (AddParameter): Name = "LSER"; Value = ""; VariantName = "[No Variations]"
Change component parameters (AddParameter): Name = "RLSHUNT"; Value = ""; VariantName = "[No Variations]"
Change component parameters (AddParameter): Name = "RPAR"; Value = ""; VariantName = "[No Variations]"
Change component parameters (AddParameter): Name = "RSER"; Value = ""; VariantName = "[No Variations]"
Change component parameters (AddParameter): Name = "SimulationGenericComponent"; Value = "True"; VariantName = "[No Variations]"
Change component parameters (AddParameter): Name = "TEMP"; Value = ""; VariantName = "[No Variations]"
Change component parameters (AddParameter): Name = "Value"; Value = "100nF"; VariantName = "[No Variations]"
Change component parameters: Designator = "C17" ("C17"); Footprint = "1608[0603]"; UniqueID = "\YBSFKNDW" ("\YBSFKNDW")
Change component parameters (AddParameter): Name = "CPAR"; Value = ""; VariantName = "[No Variations]"
Change component parameters (AddParameter): Name = "LSER"; Value = ""; VariantName = "[No Variations]"
Change component parameters (AddParameter): Name = "RLSHUNT"; Value = ""; VariantName = "[No Variations]"
Change component parameters (AddParameter): Name = "RPAR"; Value = ""; VariantName = "[No Variations]"
Change component parameters (AddParameter): Name = "RSER"; Value = ""; VariantName = "[No Variations]"
Change component parameters (AddParameter): Name = "SimulationGenericComponent"; Value = "True"; VariantName = "[No Variations]"
Change component parameters (AddParameter): Name = "TEMP"; Value = ""; VariantName = "[No Variations]"
Change component parameters (AddParameter): Name = "Value"; Value = "1uF"; VariantName = "[No Variations]"
Change component parameters: Designator = "R8" ("R8"); Footprint = "1608[0603]"; UniqueID = "\DBVSBUGN" ("\DBVSBUGN")
Change component parameters (AddParameter): Name = "DTEMP"; Value = ""; VariantName = "[No Variations]"
Change component parameters (AddParameter): Name = "SimulationGenericComponent"; Value = "True"; VariantName = "[No Variations]"
Change component parameters (AddParameter): Name = "T_REL_LOCAL"; Value = ""; VariantName = "[No Variations]"
Change component parameters (AddParameter): Name = "TC"; Value = ""; VariantName = "[No Variations]"
Change component parameters (AddParameter): Name = "TC1"; Value = "0"; VariantName = "[No Variations]"
Change component parameters (AddParameter): Name = "TC2"; Value = "0"; VariantName = "[No Variations]"
Change component parameters (AddParameter): Name = "TEMP"; Value = ""; VariantName = "[No Variations]"
Change component parameters (AddParameter): Name = "Value"; Value = "5K11"; VariantName = "[No Variations]"
Change component parameters: Designator = "R9" ("R9"); Footprint = "1608[0603]"; UniqueID = "\OXYVXVZN" ("\OXYVXVZN")
Change component parameters (AddParameter): Name = "DTEMP"; Value = ""; VariantName = "[No Variations]"
Change component parameters (AddParameter): Name = "SimulationGenericComponent"; Value = "True"; VariantName = "[No Variations]"
Change component parameters (AddParameter): Name = "T_REL_LOCAL"; Value = ""; VariantName = "[No Variations]"
Change component parameters (AddParameter): Name = "TC"; Value = ""; VariantName = "[No Variations]"
Change component parameters (AddParameter): Name = "TC1"; Value = "0"; VariantName = "[No Variations]"
Change component parameters (AddParameter): Name = "TC2"; Value = "0"; VariantName = "[No Variations]"
Change component parameters (AddParameter): Name = "TEMP"; Value = ""; VariantName = "[No Variations]"
Change component parameters (AddParameter): Name = "Value"; Value = "5K11"; VariantName = "[No Variations]"
Change component parameters: Designator = "R10" ("R10"); Footprint = "1608[0603]"; UniqueID = "\IITKCFXA" ("\IITKCFXA")
Change component parameters (AddParameter): Name = "DTEMP"; Value = ""; VariantName = "[No Variations]"
Change component parameters (AddParameter): Name = "SimulationGenericComponent"; Value = "True"; VariantName = "[No Variations]"
Change component parameters (AddParameter): Name = "T_REL_LOCAL"; Value = ""; VariantName = "[No Variations]"
Change component parameters (AddParameter): Name = "TC"; Value = ""; VariantName = "[No Variations]"
Change component parameters (AddParameter): Name = "TC1"; Value = "0"; VariantName = "[No Variations]"
Change component parameters (AddParameter): Name = "TC2"; Value = "0"; VariantName = "[No Variations]"
Change component parameters (AddParameter): Name = "TEMP"; Value = ""; VariantName = "[No Variations]"
Change component parameters (AddParameter): Name = "Value"; Value = "1M"; VariantName = "[No Variations]"
Change component parameters: Designator = "R11" ("R11"); Footprint = "1608[0603]"; UniqueID = "\VBKHJLNS" ("\VBKHJLNS")
Change component parameters (AddParameter): Name = "DTEMP"; Value = ""; VariantName = "[No Variations]"
Change component parameters (AddParameter): Name = "SimulationGenericComponent"; Value = "True"; VariantName = "[No Variations]"
Change component parameters (AddParameter): Name = "T_REL_LOCAL"; Value = ""; VariantName = "[No Variations]"
Change component parameters (AddParameter): Name = "TC"; Value = ""; VariantName = "[No Variations]"
Change component parameters (AddParameter): Name = "TC1"; Value = "0"; VariantName = "[No Variations]"
Change component parameters (AddParameter): Name = "TC2"; Value = "0"; VariantName = "[No Variations]"
Change component parameters (AddParameter): Name = "TEMP"; Value = ""; VariantName = "[No Variations]"
Change component parameters (AddParameter): Name = "Value"; Value = "10K"; VariantName = "[No Variations]"
Change component parameters: Designator = "R13" ("R13"); Footprint = "1608[0603]"; UniqueID = "\NRHLTQQK" ("\NRHLTQQK")
Change component parameters (AddParameter): Name = "DTEMP"; Value = ""; VariantName = "[No Variations]"
Change component parameters (AddParameter): Name = "SimulationGenericComponent"; Value = "True"; VariantName = "[No Variations]"
Change component parameters (AddParameter): Name = "T_REL_LOCAL"; Value = ""; VariantName = "[No Variations]"
Change component parameters (AddParameter): Name = "TC"; Value = ""; VariantName = "[No Variations]"
Change component parameters (AddParameter): Name = "TC1"; Value = "0"; VariantName = "[No Variations]"
Change component parameters (AddParameter): Name = "TC2"; Value = "0"; VariantName = "[No Variations]"
Change component parameters (AddParameter): Name = "TEMP"; Value = ""; VariantName = "[No Variations]"
Change component parameters (AddParameter): Name = "Value"; Value = "27.4"; VariantName = "[No Variations]"
Change component parameters: Designator = "R14" ("R14"); Footprint = "1608[0603]"; UniqueID = "\XKBCWTJZ" ("\XKBCWTJZ")
Change component parameters (AddParameter): Name = "DTEMP"; Value = ""; VariantName = "[No Variations]"
Change component parameters (AddParameter): Name = "SimulationGenericComponent"; Value = "True"; VariantName = "[No Variations]"
Change component parameters (AddParameter): Name = "T_REL_LOCAL"; Value = ""; VariantName = "[No Variations]"
Change component parameters (AddParameter): Name = "TC"; Value = ""; VariantName = "[No Variations]"
Change component parameters (AddParameter): Name = "TC1"; Value = "0"; VariantName = "[No Variations]"
Change component parameters (AddParameter): Name = "TC2"; Value = "0"; VariantName = "[No Variations]"
Change component parameters (AddParameter): Name = "TEMP"; Value = ""; VariantName = "[No Variations]"
Change component parameters (AddParameter): Name = "Value"; Value = "27.4"; VariantName = "[No Variations]"
Change component parameters: Designator = "R15" ("R15"); Footprint = "1608[0603]"; UniqueID = "\ACHKKRFF" ("\ACHKKRFF")
Change component parameters (AddParameter): Name = "DTEMP"; Value = ""; VariantName = "[No Variations]"
Change component parameters (AddParameter): Name = "SimulationGenericComponent"; Value = "True"; VariantName = "[No Variations]"
Change component parameters (AddParameter): Name = "T_REL_LOCAL"; Value = ""; VariantName = "[No Variations]"
Change component parameters (AddParameter): Name = "TC"; Value = ""; VariantName = "[No Variations]"
Change component parameters (AddParameter): Name = "TC1"; Value = "0"; VariantName = "[No Variations]"
Change component parameters (AddParameter): Name = "TC2"; Value = "0"; VariantName = "[No Variations]"
Change component parameters (AddParameter): Name = "TEMP"; Value = ""; VariantName = "[No Variations]"
Change component parameters (AddParameter): Name = "Value"; Value = "55"; VariantName = "[No Variations]"
Change component parameters: Designator = "R16" ("R16"); Footprint = "1608[0603]"; UniqueID = "\RRPXRIWQ" ("\RRPXRIWQ")
Change component parameters (AddParameter): Name = "DTEMP"; Value = ""; VariantName = "[No Variations]"
Change component parameters (AddParameter): Name = "SimulationGenericComponent"; Value = "True"; VariantName = "[No Variations]"
Change component parameters (AddParameter): Name = "T_REL_LOCAL"; Value = ""; VariantName = "[No Variations]"
Change component parameters (AddParameter): Name = "TC"; Value = ""; VariantName = "[No Variations]"
Change component parameters (AddParameter): Name = "TC1"; Value = "0"; VariantName = "[No Variations]"
Change component parameters (AddParameter): Name = "TC2"; Value = "0"; VariantName = "[No Variations]"
Change component parameters (AddParameter): Name = "TEMP"; Value = ""; VariantName = "[No Variations]"
Change component parameters (AddParameter): Name = "Value"; Value = "55"; VariantName = "[No Variations]"
Change component parameters: Designator = "R17" ("R17"); Footprint = "1608[0603]"; UniqueID = "\SPEJHESY" ("\SPEJHESY")
Change component parameters (AddParameter): Name = "DTEMP"; Value = ""; VariantName = "[No Variations]"
Change component parameters (AddParameter): Name = "SimulationGenericComponent"; Value = "True"; VariantName = "[No Variations]"
Change component parameters (AddParameter): Name = "T_REL_LOCAL"; Value = ""; VariantName = "[No Variations]"
Change component parameters (AddParameter): Name = "TC"; Value = ""; VariantName = "[No Variations]"
Change component parameters (AddParameter): Name = "TC1"; Value = "0"; VariantName = "[No Variations]"
Change component parameters (AddParameter): Name = "TC2"; Value = "0"; VariantName = "[No Variations]"
Change component parameters (AddParameter): Name = "TEMP"; Value = ""; VariantName = "[No Variations]"
Change component parameters (AddParameter): Name = "Value"; Value = "10K"; VariantName = "[No Variations]"
Added Room: Name=SFP-Interface
