Removed Pin From Net: NetName=GND Pin=U1-19
Change Comment: Unknown Component : D1
Change Comment: Unknown Component : D2
Change Description: Unknown Component : D1
Change Description: Unknown Component : D2
Change component parameters: Component "C2" not found
Change component parameters: Component "C3" not found
Change component parameters: Component "C4" not found
Change component parameters: Component "C5" not found
Change component parameters: Component "C6" not found
Change component parameters: Component "C7" not found
Change component parameters: Component "C8" not found
Change component parameters: Component "C9" not found
Change component parameters: Component "C10" not found
Change component parameters: Component "C11" not found
Change component parameters: Component "C12" not found
Change component parameters: Component "C13" not found
Change component parameters: Component "C14" not found
Change component parameters: Component "C15" not found
Change component parameters: Component "C16" not found
Change component parameters: Component "C17" not found
Change component parameters: Component "R8" not found
Change component parameters: Component "R9" not found
Change component parameters: Component "R10" not found
Change component parameters: Component "R11" not found
Change component parameters: Component "R13" not found
Change component parameters: Component "R14" not found
Change component parameters: Component "R15" not found
Change component parameters: Component "R16" not found
Change component parameters: Component "R17" not found
Added Component: Designator=S1(SW_TS05-66-43-BK-260-SMT-67)
Add component (AddParameter): Name = "Availability"; Value = "In Stock"; VariantName = "[No Variations]"
Add component (AddParameter): Name = "Check_prices"; Value = "https://www.snapeda.com/parts/TS05-66-43-BK-260-SMT-67/CUI+Devices/view-part/?ref=eda"; VariantName = "[No Variations]"
Add component (AddParameter): Name = "CUI_purchase_URL"; Value = "https://www.cuidevices.com/product/switches/tactile-switches/ts05-series?utm_source=snapeda.com&utm_medium=referral&utm_campaign=snapedaBOM"; VariantName = "[No Variations]"
Add component (AddParameter): Name = "MF"; Value = "CUI Devices"; VariantName = "[No Variations]"
Add component (AddParameter): Name = "MP"; Value = "TS05-66-43-BK-260-SMT-67"; VariantName = "[No Variations]"
Add component (AddParameter): Name = "Package"; Value = "None"; VariantName = "[No Variations]"
Add component (AddParameter): Name = "Price"; Value = "None"; VariantName = "[No Variations]"
Add component (AddParameter): Name = "Purchase-URL"; Value = "https://pricing.snapeda.com/search/part/TS05-66-43-BK-260-SMT-67/?ref=eda"; VariantName = "[No Variations]"
Add component (AddParameter): Name = "SnapEDA_Link"; Value = "https://www.snapeda.com/parts/TS05-66-43-BK-260-SMT-67/CUI+Devices/view-part/?ref=snap"; VariantName = "[No Variations]"
Add component (AddParameter): Name = "Value"; Value = ""; VariantName = "[No Variations]"
Added Component: Designator=S2(SW_TS05-66-43-BK-260-SMT-67)
Add component (AddParameter): Name = "Availability"; Value = "In Stock"; VariantName = "[No Variations]"
Add component (AddParameter): Name = "Check_prices"; Value = "https://www.snapeda.com/parts/TS05-66-43-BK-260-SMT-67/CUI+Devices/view-part/?ref=eda"; VariantName = "[No Variations]"
Add component (AddParameter): Name = "CUI_purchase_URL"; Value = "https://www.cuidevices.com/product/switches/tactile-switches/ts05-series?utm_source=snapeda.com&utm_medium=referral&utm_campaign=snapedaBOM"; VariantName = "[No Variations]"
Add component (AddParameter): Name = "MF"; Value = "CUI Devices"; VariantName = "[No Variations]"
Add component (AddParameter): Name = "MP"; Value = "TS05-66-43-BK-260-SMT-67"; VariantName = "[No Variations]"
Add component (AddParameter): Name = "Package"; Value = "None"; VariantName = "[No Variations]"
Add component (AddParameter): Name = "Price"; Value = "None"; VariantName = "[No Variations]"
Add component (AddParameter): Name = "Purchase-URL"; Value = "https://pricing.snapeda.com/search/part/TS05-66-43-BK-260-SMT-67/?ref=eda"; VariantName = "[No Variations]"
Add component (AddParameter): Name = "SnapEDA_Link"; Value = "https://www.snapeda.com/parts/TS05-66-43-BK-260-SMT-67/CUI+Devices/view-part/?ref=snap"; VariantName = "[No Variations]"
Add component (AddParameter): Name = "Value"; Value = ""; VariantName = "[No Variations]"
Added Pin To Net: NetName=GND Pin=S1-1
Added Pin To Net: NetName=NetR12_2 Pin=S1-2
Added Pin To Net: NetName=GND Pin=S1-3
Added Pin To Net: NetName=NetR12_2 Pin=S1-4
Added Pin To Net: NetName=GND Pin=S2-1
Added Pin To Net: NetName=GND Pin=S2-3
Added Pin To Net: NetName=NetR17_1 Pin=S2-2
Added Pin To Net: NetName=NetR17_1 Pin=S2-4
Added Pin To Net: NetName=NetR17_1 Pin=U1-26
Added Net: Name=NetR17_1
Added Member To Class: ClassName=SFP-Interface Member=Component S1 TS05-66-43-BK-260-SMT-67
Added Member To Class: ClassName=SFP-Interface Member=Component S2 TS05-66-43-BK-260-SMT-67
Added Room: Name=SFP-Interface
